<?xml version="1.0" encoding="UTF-8"?>
<!-- Generated by org.testng.reporters.JUnitReportReporter -->
<testsuite skipped="0" hostname="PeopleNTechs-iMac.local" name="menu.TestDropDownMenu" tests="1" failures="0" timestamp="28 Apr 2018 16:32:03 GMT" time="23.452" errors="0">
  <testcase name="menu" time="23.452" classname="menu.TestDropDownMenu"/>
</testsuite> <!-- menu.TestDropDownMenu -->
