<?xml version="1.0" encoding="UTF-8"?>
<!-- Generated by org.testng.reporters.JUnitReportReporter -->
<testsuite skipped="0" hostname="PeopleNTechs-iMac.local" name="testcelldata.TestReadDataFromTable" tests="1" failures="0" timestamp="28 Apr 2018 16:32:30 GMT" time="22.697" errors="0">
  <testcase name="read" time="22.697" classname="testcelldata.TestReadDataFromTable"/>
</testsuite> <!-- testcelldata.TestReadDataFromTable -->
