<?xml version="1.0" encoding="UTF-8"?>
<!-- Generated by org.testng.reporters.JUnitReportReporter -->
<testsuite skipped="0" hostname="PeopleNTechs-iMac.local" name="test.authentication.TestAuthentication" tests="1" failures="0" timestamp="28 Apr 2018 16:33:03 GMT" time="19.048" errors="0">
  <testcase name="logIn" time="19.048" classname="test.authentication.TestAuthentication"/>
</testsuite> <!-- test.authentication.TestAuthentication -->
