<?xml version="1.0" encoding="UTF-8"?>
<!-- Generated by org.testng.reporters.JUnitReportReporter -->
<testsuite skipped="0" hostname="PeopleNTechs-iMac.local" name="rest.SingleEmployeeResources" tests="1" failures="0" timestamp="06 May 2018 15:58:00 GMT" time="4.395" errors="0">
  <testcase name="callSingleEmployeeResources" time="4.395" classname="rest.SingleEmployeeResources"/>
</testsuite> <!-- rest.SingleEmployeeResources -->
