<?xml version="1.0" encoding="UTF-8"?>
<!-- Generated by org.testng.reporters.JUnitReportReporter -->
<testsuite skipped="0" hostname="PeopleNTechs-iMac.local" name="rest.AllEmployeeRestServices" tests="1" failures="0" timestamp="06 May 2018 15:58:00 GMT" time="1.988" errors="0">
  <testcase name="callAllEmployeeResources" time="1.988" classname="rest.AllEmployeeRestServices"/>
</testsuite> <!-- rest.AllEmployeeRestServices -->
